{
"contracts/Raffle.sol":{"l":{"51":3,"52":3,"53":3,"54":3,"55":3,"56":3,"57":3,"58":3,"63":5,"64":4,"66":3,"67":3,"83":1,"84":1,"85":1,"86":1,"88":1,"95":1,"96":1,"97":0,"105":1,"106":1,"113":1,"122":0,"123":0,"124":0,"125":0,"126":0,"127":0,"128":0,"129":0,"130":0,"132":0,"139":1,"143":0,"147":0,"151":0,"155":1,"159":0,"163":5,"167":5,"171":0},"path":"/Users/surya/Documents/SuryaRepo/webthree/fcc/hardhat-lottery/contracts/Raffle.sol","s":{"1":5,"2":4,"3":3,"4":3,"5":1,"6":1,"7":1,"8":1,"9":1,"10":1,"11":1,"12":1,"13":0,"14":0,"15":0,"16":0,"17":0,"18":1,"19":0,"20":0,"21":0,"22":1,"23":0,"24":5,"25":5,"26":0},"b":{"1":[1,4],"2":[1,3],"3":[0,1],"4":[0,0]},"f":{"1":3,"2":5,"3":1,"4":1,"5":0,"6":1,"7":0,"8":0,"9":0,"10":1,"11":0,"12":5,"13":5,"14":0},"fnMap":{"1":{"name":"constructor","line":50,"loc":{"start":{"line":43,"column":4},"end":{"line":59,"column":4}}},"2":{"name":"enterRaffle","line":62,"loc":{"start":{"line":62,"column":4},"end":{"line":68,"column":4}}},"3":{"name":"checkUpkeep","line":72,"loc":{"start":{"line":72,"column":4},"end":{"line":89,"column":4}}},"4":{"name":"performUpkeep","line":92,"loc":{"start":{"line":92,"column":4},"end":{"line":116,"column":4}}},"5":{"name":"fulfillRandomWords","line":118,"loc":{"start":{"line":118,"column":4},"end":{"line":133,"column":4}}},"6":{"name":"getRaffleState","line":138,"loc":{"start":{"line":138,"column":4},"end":{"line":140,"column":4}}},"7":{"name":"getNumWords","line":142,"loc":{"start":{"line":142,"column":4},"end":{"line":144,"column":4}}},"8":{"name":"getRequestConfirmations","line":146,"loc":{"start":{"line":146,"column":4},"end":{"line":148,"column":4}}},"9":{"name":"getRecentWinner","line":150,"loc":{"start":{"line":150,"column":4},"end":{"line":152,"column":4}}},"10":{"name":"getPlayer","line":154,"loc":{"start":{"line":154,"column":4},"end":{"line":156,"column":4}}},"11":{"name":"getLastTimeStamp","line":158,"loc":{"start":{"line":158,"column":4},"end":{"line":160,"column":4}}},"12":{"name":"getInterval","line":162,"loc":{"start":{"line":162,"column":4},"end":{"line":164,"column":4}}},"13":{"name":"getEntranceFee","line":166,"loc":{"start":{"line":166,"column":4},"end":{"line":168,"column":4}}},"14":{"name":"getNumberOfPlayers","line":170,"loc":{"start":{"line":170,"column":4},"end":{"line":172,"column":4}}}},"statementMap":{"1":{"start":{"line":63,"column":8},"end":{"line":63,"column":81}},"2":{"start":{"line":64,"column":8},"end":{"line":64,"column":77}},"3":{"start":{"line":66,"column":8},"end":{"line":66,"column":42}},"4":{"start":{"line":67,"column":8},"end":{"line":67,"column":36}},"5":{"start":{"line":83,"column":8},"end":{"line":83,"column":57}},"6":{"start":{"line":84,"column":8},"end":{"line":84,"column":81}},"7":{"start":{"line":85,"column":8},"end":{"line":85,"column":52}},"8":{"start":{"line":86,"column":8},"end":{"line":86,"column":58}},"9":{"start":{"line":95,"column":8},"end":{"line":95,"column":47}},"10":{"start":{"line":96,"column":8},"end":{"line":96,"column":3502}},"11":{"start":{"line":106,"column":8},"end":{"line":106,"column":3806}},"12":{"start":{"line":113,"column":8},"end":{"line":113,"column":45}},"13":{"start":{"line":122,"column":8},"end":{"line":122,"column":65}},"14":{"start":{"line":123,"column":8},"end":{"line":123,"column":63}},"15":{"start":{"line":128,"column":8},"end":{"line":128,"column":78}},"16":{"start":{"line":129,"column":8},"end":{"line":129,"column":4673}},"17":{"start":{"line":132,"column":8},"end":{"line":132,"column":46}},"18":{"start":{"line":139,"column":8},"end":{"line":139,"column":28}},"19":{"start":{"line":143,"column":8},"end":{"line":143,"column":24}},"20":{"start":{"line":147,"column":8},"end":{"line":147,"column":35}},"21":{"start":{"line":151,"column":8},"end":{"line":151,"column":29}},"22":{"start":{"line":155,"column":8},"end":{"line":155,"column":31}},"23":{"start":{"line":159,"column":8},"end":{"line":159,"column":30}},"24":{"start":{"line":163,"column":8},"end":{"line":163,"column":32}},"25":{"start":{"line":167,"column":8},"end":{"line":167,"column":28}},"26":{"start":{"line":171,"column":8},"end":{"line":171,"column":31}}},"branchMap":{"1":{"line":63,"type":"if","locations":[{"start":{"line":63,"column":8},"end":{"line":63,"column":8}},{"start":{"line":63,"column":8},"end":{"line":63,"column":8}}]},"2":{"line":64,"type":"if","locations":[{"start":{"line":64,"column":8},"end":{"line":64,"column":8}},{"start":{"line":64,"column":8},"end":{"line":64,"column":8}}]},"3":{"line":96,"type":"if","locations":[{"start":{"line":96,"column":8},"end":{"line":96,"column":8}},{"start":{"line":96,"column":8},"end":{"line":96,"column":8}}]},"4":{"line":129,"type":"if","locations":[{"start":{"line":129,"column":8},"end":{"line":129,"column":8}},{"start":{"line":129,"column":8},"end":{"line":129,"column":8}}]}}},
"contracts/VRFCoordinatorV2Mock.sol":{"l":{},"path":"/Users/surya/Documents/SuryaRepo/webthree/fcc/hardhat-lottery/contracts/VRFCoordinatorV2Mock.sol","s":{},"b":{},"f":{},"fnMap":{},"statementMap":{},"branchMap":{}}}
