TN:
SF:/Users/surya/Documents/SuryaRepo/webthree/fcc/hardhat-lottery/contracts/Raffle.sol
FN:50,constructor
FN:62,enterRaffle
FN:72,checkUpkeep
FN:92,performUpkeep
FN:118,fulfillRandomWords
FN:138,getRaffleState
FN:142,getNumWords
FN:146,getRequestConfirmations
FN:150,getRecentWinner
FN:154,getPlayer
FN:158,getLastTimeStamp
FN:162,getInterval
FN:166,getEntranceFee
FN:170,getNumberOfPlayers
FNF:14
FNH:8
FNDA:3,constructor
FNDA:5,enterRaffle
FNDA:1,checkUpkeep
FNDA:1,performUpkeep
FNDA:0,fulfillRandomWords
FNDA:1,getRaffleState
FNDA:0,getNumWords
FNDA:0,getRequestConfirmations
FNDA:0,getRecentWinner
FNDA:1,getPlayer
FNDA:0,getLastTimeStamp
FNDA:5,getInterval
FNDA:5,getEntranceFee
FNDA:0,getNumberOfPlayers
DA:51,3
DA:52,3
DA:53,3
DA:54,3
DA:55,3
DA:56,3
DA:57,3
DA:58,3
DA:63,5
DA:64,4
DA:66,3
DA:67,3
DA:83,1
DA:84,1
DA:85,1
DA:86,1
DA:88,1
DA:95,1
DA:96,1
DA:97,0
DA:105,1
DA:106,1
DA:113,1
DA:122,0
DA:123,0
DA:124,0
DA:125,0
DA:126,0
DA:127,0
DA:128,0
DA:129,0
DA:130,0
DA:132,0
DA:139,1
DA:143,0
DA:147,0
DA:151,0
DA:155,1
DA:159,0
DA:163,5
DA:167,5
DA:171,0
LF:42
LH:26
BRDA:63,1,0,1
BRDA:63,1,1,4
BRDA:64,2,0,1
BRDA:64,2,1,3
BRDA:96,3,0,0
BRDA:96,3,1,1
BRDA:129,4,0,0
BRDA:129,4,1,0
BRF:8
BRH:5
end_of_record
TN:
SF:/Users/surya/Documents/SuryaRepo/webthree/fcc/hardhat-lottery/contracts/VRFCoordinatorV2Mock.sol
FNF:0
FNH:0
LF:0
LH:0
BRF:0
BRH:0
end_of_record
